2023-08-06 04:54:15.456193 - Initialized conversion of CBT499
2023-08-06 04:54:16.002152 - Received CBT.V505.FILE499.PDS from FILE499.XMI 
2023-08-06 04:54:16.004511 - Found $$$#DATE.txt (text/plain) in CBT.V505.FILE499.PDS, moved to PDS/$$$#DATE
2023-08-06 04:54:16.005485 - Found $IDENT.txt (text/plain) in CBT.V505.FILE499.PDS, moved to PDS/$IDENT
2023-08-06 04:54:16.006396 - Found $PDSLOAD.jcl (text/plain) in CBT.V505.FILE499.PDS, moved to PDS/$PDSLOAD
2023-08-06 04:54:16.007338 - Found @EQU.txt (text/plain) in CBT.V505.FILE499.PDS, moved to PDS/@EQU
2023-08-06 04:54:16.008318 - Found @FILE499.txt (text/plain) in CBT.V505.FILE499.PDS, moved to PDS/@FILE499
2023-08-06 04:54:16.009243 - Found ASMACL.jcl (text/plain) in CBT.V505.FILE499.PDS, moved to PDS/ASMACL
2023-08-06 04:54:16.010107 - Found ASMHC.jcl (text/plain) in CBT.V505.FILE499.PDS, moved to PDS/ASMHC
2023-08-06 04:54:16.011042 - Found CMD@WAIT.txt (text/plain) in CBT.V505.FILE499.PDS, moved to PDS/CMD@WAIT
2023-08-06 04:54:16.011926 - Found CMDISSUE.txt (text/plain) in CBT.V505.FILE499.PDS, moved to PDS/CMDISSUE
2023-08-06 04:54:16.012800 - Found EDCCPL.jcl (text/plain) in CBT.V505.FILE499.PDS, moved to PDS/EDCCPL
2023-08-06 04:54:16.013687 - Found ENTER.txt (text/plain) in CBT.V505.FILE499.PDS, moved to PDS/ENTER
2023-08-06 04:54:16.014577 - Found EQUATES.txt (text/plain) in CBT.V505.FILE499.PDS, moved to PDS/EQUATES
2023-08-06 04:54:16.015459 - Found EQUATES1.txt (text/plain) in CBT.V505.FILE499.PDS, moved to PDS/EQUATES1
2023-08-06 04:54:16.016357 - Found EXIT.txt (text/plain) in CBT.V505.FILE499.PDS, moved to PDS/EXIT
2023-08-06 04:54:16.017252 - Found GETASCB.txt (text/plain) in CBT.V505.FILE499.PDS, moved to PDS/GETASCB
2023-08-06 04:54:16.018222 - Found IEECRDCM.txt (text/plain) in CBT.V505.FILE499.PDS, moved to PDS/IEECRDCM
2023-08-06 04:54:16.019192 - Found KOCASRPT.txt (text/plain) in CBT.V505.FILE499.PDS, moved to PDS/KOCASRPT
2023-08-06 04:54:16.019201 - Found OBJECT.bin containing application/octet-stream, moved to PDS/OBJECT
2023-08-06 04:54:16.025900 - Found PDSLOAD.xmi (application/xmit) in CBT.V505.FILE499.PDS
2023-08-06 04:54:16.033419   - Received RECFM=U data, stored XMIT file as CBT499/PDSLOAD.xmi
2023-08-06 04:54:16.034430 - Found PSHD1.txt (text/plain) in CBT.V505.FILE499.PDS, moved to PDS/PSHD1
2023-08-06 04:54:16.035329 - Found PSPGMID1.txt (text/plain) in CBT.V505.FILE499.PDS, moved to PDS/PSPGMID1
2023-08-06 04:54:16.036197 - Found PTLCKCAT.jcl (text/plain) in CBT.V505.FILE499.PDS, moved to PDS/PTLCKCAT
2023-08-06 04:54:16.037127 - Found PTLCKDSK.jcl (text/plain) in CBT.V505.FILE499.PDS, moved to PDS/PTLCKDSK
2023-08-06 04:54:16.038006 - Found PTLCSMF.txt (text/plain) in CBT.V505.FILE499.PDS, moved to PDS/PTLCSMF
2023-08-06 04:54:16.038961 - Found PTLFRMS$.jcl (text/plain) in CBT.V505.FILE499.PDS, moved to PDS/PTLFRMS$
2023-08-06 04:54:16.039866 - Found PTLFRMS#.jcl (text/plain) in CBT.V505.FILE499.PDS, moved to PDS/PTLFRMS#
2023-08-06 04:54:16.040719 - Found PTLFRMSC.jcl (text/plain) in CBT.V505.FILE499.PDS, moved to PDS/PTLFRMSC
2023-08-06 04:54:16.041640 - Found PTLFRM01.jcl (text/plain) in CBT.V505.FILE499.PDS, moved to PDS/PTLFRM01
2023-08-06 04:54:16.042590 - Found PTLMAC01.jcl (text/plain) in CBT.V505.FILE499.PDS, moved to PDS/PTLMAC01
2023-08-06 04:54:16.043529 - Found PTLVSCAN.jcl (text/plain) in CBT.V505.FILE499.PDS, moved to PDS/PTLVSCAN
2023-08-06 04:54:16.044689 - Found RACFCLST.txt (text/plain) in CBT.V505.FILE499.PDS, moved to PDS/RACFCLST
2023-08-06 04:54:16.045647 - Found RACFPNLS.txt (text/plain) in CBT.V505.FILE499.PDS, moved to PDS/RACFPNLS
2023-08-06 04:54:16.046631 - Found REGEQU.txt (text/plain) in CBT.V505.FILE499.PDS, moved to PDS/REGEQU
2023-08-06 04:54:16.047557 - Found S.txt (text/plain) in CBT.V505.FILE499.PDS, moved to PDS/S
2023-08-06 04:54:16.048427 - Found SCAN.jcl (text/plain) in CBT.V505.FILE499.PDS, moved to PDS/SCAN
2023-08-06 04:54:16.049319 - Found SMFEXTR.txt (text/plain) in CBT.V505.FILE499.PDS, moved to PDS/SMFEXTR
2023-08-06 04:54:16.050328 - Found SMFRPT.txt (text/plain) in CBT.V505.FILE499.PDS, moved to PDS/SMFRPT
2023-08-06 04:54:16.051280 - Found SPFMACS.txt (text/plain) in CBT.V505.FILE499.PDS, moved to PDS/SPFMACS
2023-08-06 04:54:16.052161 - Found SS.jcl (text/plain) in CBT.V505.FILE499.PDS, moved to PDS/SS
2023-08-06 04:54:16.053096 - Found STRING.txt (text/plain) in CBT.V505.FILE499.PDS, moved to PDS/STRING
2023-08-06 04:54:16.053995 - Found STRINGXA.txt (text/plain) in CBT.V505.FILE499.PDS, moved to PDS/STRINGXA
2023-08-06 04:54:16.054942 - Found VTC@DETB.txt (text/plain) in CBT.V505.FILE499.PDS, moved to PDS/VTC@DETB
2023-08-06 04:54:16.055814 - Found VTC@HDRB.txt (text/plain) in CBT.V505.FILE499.PDS, moved to PDS/VTC@HDRB
2023-08-06 04:54:16.056654 - Found VTC@MAPB.txt (text/plain) in CBT.V505.FILE499.PDS, moved to PDS/VTC@MAPB
2023-08-06 04:54:16.057569 - Found VTOC@ALL.txt (text/plain) in CBT.V505.FILE499.PDS, moved to PDS/VTOC@ALL
2023-08-06 04:54:16.058549 - Found VTOC@HDR.txt (text/plain) in CBT.V505.FILE499.PDS, moved to PDS/VTOC@HDR
2023-08-06 04:54:16.059466 - Found VTOC@LST.txt (text/plain) in CBT.V505.FILE499.PDS, moved to PDS/VTOC@LST
2023-08-06 04:54:16.060301 - Found VTOC@UCB.txt (text/plain) in CBT.V505.FILE499.PDS, moved to PDS/VTOC@UCB
